<?xml version="1.0" encoding="UTF-8"?>
<!-- Generated by org.testng.reporters.JUnitReportReporter -->
<testsuite hostname="LAPTOP-6NNSJTB6" failures="0" tests="1" name="singletonpattern.PageTest" time="8.048" errors="0" timestamp="2024-02-12T14:30:22 IST" skipped="0">
  <testcase classname="singletonpattern.PageTest" name="testMethod" time="8.048"/>
</testsuite> <!-- singletonpattern.PageTest -->
